[2025-01-04 00:04:49,568: INFO: main: >>>>>>>Data Ingestion Stage started>>>>>>>>]
[2025-01-04 00:04:49,581: INFO: common: yaml file: config\config.yaml loaded successfully]
[2025-01-04 00:04:49,593: INFO: common: yaml file: params.yaml loaded successfully]
[2025-01-04 00:04:49,605: INFO: common: yaml file: schema.yaml loaded successfully]
[2025-01-04 00:04:49,607: INFO: common: created directory at: artifacts]
[2025-01-04 00:04:49,607: INFO: common: created directory at: artifacts/data_ingestion]
[2025-01-04 00:05:13,440: INFO: data_ingestion: data downloaded succesfully ]
[2025-01-04 00:05:15,306: INFO: main: >>>>>>stage Data Ingestion Stage completed >>>>>>>]
[2025-01-04 00:05:15,310: INFO: main: >>>>>>>Data Validation Stage started>>>>>>>>]
[2025-01-04 00:05:15,314: INFO: common: yaml file: config\config.yaml loaded successfully]
[2025-01-04 00:05:15,316: INFO: common: yaml file: params.yaml loaded successfully]
[2025-01-04 00:05:15,321: INFO: common: yaml file: schema.yaml loaded successfully]
[2025-01-04 00:05:15,322: INFO: common: created directory at: artifacts]
[2025-01-04 00:05:15,324: INFO: common: created directory at: artifacts/data_validation]
[2025-01-04 00:05:21,756: INFO: main: >>>>>>stage Data Validation Stage completed >>>>>>>]
[2025-01-04 00:05:21,757: INFO: main: >>>>>>>Data transformation Stage started>>>>>>>>]
[2025-01-04 00:05:21,766: INFO: common: yaml file: config\config.yaml loaded successfully]
[2025-01-04 00:05:21,769: INFO: common: yaml file: params.yaml loaded successfully]
[2025-01-04 00:05:21,774: INFO: common: yaml file: schema.yaml loaded successfully]
[2025-01-04 00:05:21,775: INFO: common: created directory at: artifacts]
[2025-01-04 00:05:21,779: INFO: common: created directory at: artifacts/data_transformation]
[2025-01-04 00:05:38,794: INFO: data_transformation: Split into training and test sets, with scaling applied.]
[2025-01-04 00:05:38,794: INFO: data_transformation: Train shape: (428133, 20)]
[2025-01-04 00:05:38,795: INFO: data_transformation: Test shape: (240000, 20)]
[2025-01-04 00:05:38,802: INFO: main: >>>>>>stage Data transformation Stage completed >>>>>>>]
[2025-01-04 00:05:38,802: INFO: main: >>>>>>>Model Trainer Stage started>>>>>>>>]
[2025-01-04 00:05:38,807: INFO: common: yaml file: config\config.yaml loaded successfully]
[2025-01-04 00:05:38,808: INFO: common: yaml file: params.yaml loaded successfully]
[2025-01-04 00:05:38,813: INFO: common: yaml file: schema.yaml loaded successfully]
[2025-01-04 00:05:38,814: INFO: common: created directory at: artifacts]
[2025-01-04 00:05:38,814: INFO: common: created directory at: artifacts/model_trainer]
[2025-01-04 00:05:48,960: INFO: main: >>>>>>stage Model Trainer Stage completed >>>>>>>]
[2025-01-04 00:05:48,960: INFO: main: >>>>>>>Model Evaluation Stage started>>>>>>>>]
[2025-01-04 00:05:48,966: INFO: common: yaml file: config\config.yaml loaded successfully]
[2025-01-04 00:05:48,968: INFO: common: yaml file: params.yaml loaded successfully]
[2025-01-04 00:05:48,976: INFO: common: yaml file: schema.yaml loaded successfully]
[2025-01-04 00:05:48,978: INFO: common: created directory at: artifacts]
[2025-01-04 00:05:48,979: INFO: common: created directory at: artifacts/model_evaluation]
[2025-01-04 00:05:56,500: INFO: common: json file saved at: artifacts\model_evaluation\metric.json]
[2025-01-04 00:05:56,524: INFO: main: >>>>>>stage Model Evaluation Stage completed >>>>>>>]
[2025-01-04 00:56:32,912: INFO: main: >>>>>>>Data Ingestion Stage started>>>>>>>>]
[2025-01-04 00:56:32,919: INFO: common: yaml file: config\config.yaml loaded successfully]
[2025-01-04 00:56:32,928: INFO: common: yaml file: params.yaml loaded successfully]
[2025-01-04 00:56:32,934: INFO: common: yaml file: schema.yaml loaded successfully]
[2025-01-04 00:56:32,935: INFO: common: created directory at: artifacts]
[2025-01-04 00:56:32,935: INFO: common: created directory at: artifacts/data_ingestion]
[2025-01-04 00:56:52,957: INFO: data_ingestion: data downloaded succesfully ]
[2025-01-04 00:56:55,420: INFO: main: >>>>>>stage Data Ingestion Stage completed >>>>>>>]
[2025-01-04 00:56:55,422: INFO: main: >>>>>>>Data Validation Stage started>>>>>>>>]
[2025-01-04 00:56:55,439: INFO: common: yaml file: config\config.yaml loaded successfully]
[2025-01-04 00:56:55,442: INFO: common: yaml file: params.yaml loaded successfully]
[2025-01-04 00:56:55,450: INFO: common: yaml file: schema.yaml loaded successfully]
[2025-01-04 00:56:55,451: INFO: common: created directory at: artifacts]
[2025-01-04 00:56:55,452: INFO: common: created directory at: artifacts/data_validation]
[2025-01-04 00:57:05,276: INFO: main: >>>>>>stage Data Validation Stage completed >>>>>>>]
[2025-01-04 00:57:05,276: INFO: main: >>>>>>>Data transformation Stage started>>>>>>>>]
[2025-01-04 00:57:05,283: INFO: common: yaml file: config\config.yaml loaded successfully]
[2025-01-04 00:57:05,286: INFO: common: yaml file: params.yaml loaded successfully]
[2025-01-04 00:57:05,294: INFO: common: yaml file: schema.yaml loaded successfully]
[2025-01-04 00:57:05,295: INFO: common: created directory at: artifacts]
[2025-01-04 00:57:05,296: INFO: common: created directory at: artifacts/data_transformation]
[2025-01-04 00:57:31,196: INFO: data_transformation: Split into training and test sets, with scaling applied.]
[2025-01-04 00:57:31,197: INFO: data_transformation: Train shape: (428133, 20)]
[2025-01-04 00:57:31,197: INFO: data_transformation: Test shape: (240000, 20)]
[2025-01-04 00:57:31,207: INFO: main: >>>>>>stage Data transformation Stage completed >>>>>>>]
[2025-01-04 00:57:31,207: INFO: main: >>>>>>>Model Trainer Stage started>>>>>>>>]
[2025-01-04 00:57:31,214: INFO: common: yaml file: config\config.yaml loaded successfully]
[2025-01-04 00:57:31,216: INFO: common: yaml file: params.yaml loaded successfully]
[2025-01-04 00:57:31,221: INFO: common: yaml file: schema.yaml loaded successfully]
[2025-01-04 00:57:31,223: INFO: common: created directory at: artifacts]
[2025-01-04 00:57:31,224: INFO: common: created directory at: artifacts/model_trainer]
[2025-01-04 00:57:43,295: INFO: main: >>>>>>stage Model Trainer Stage completed >>>>>>>]
[2025-01-04 00:57:43,296: INFO: main: >>>>>>>Model Evaluation Stage started>>>>>>>>]
[2025-01-04 00:57:43,303: INFO: common: yaml file: config\config.yaml loaded successfully]
[2025-01-04 00:57:43,306: INFO: common: yaml file: params.yaml loaded successfully]
[2025-01-04 00:57:43,314: INFO: common: yaml file: schema.yaml loaded successfully]
[2025-01-04 00:57:43,316: INFO: common: created directory at: artifacts]
[2025-01-04 00:57:43,316: INFO: common: created directory at: artifacts/model_evaluation]
[2025-01-04 00:57:52,049: INFO: common: json file saved at: artifacts\model_evaluation\metric.json]
[2025-01-04 00:57:52,069: INFO: main: >>>>>>stage Model Evaluation Stage completed >>>>>>>]
[2025-01-04 01:04:38,779: INFO: main: >>>>>>>Data Ingestion Stage started>>>>>>>>]
[2025-01-04 01:04:38,784: INFO: common: yaml file: config\config.yaml loaded successfully]
[2025-01-04 01:04:38,786: INFO: common: yaml file: params.yaml loaded successfully]
[2025-01-04 01:04:38,789: INFO: common: yaml file: schema.yaml loaded successfully]
[2025-01-04 01:04:38,790: INFO: common: created directory at: artifacts]
[2025-01-04 01:04:38,791: INFO: common: created directory at: artifacts/data_ingestion]
[2025-01-04 01:04:57,932: INFO: data_ingestion: data downloaded succesfully ]
[2025-01-04 01:05:00,052: INFO: main: >>>>>>stage Data Ingestion Stage completed >>>>>>>]
[2025-01-04 01:05:00,053: INFO: main: >>>>>>>Data Validation Stage started>>>>>>>>]
[2025-01-04 01:05:00,060: INFO: common: yaml file: config\config.yaml loaded successfully]
[2025-01-04 01:05:00,062: INFO: common: yaml file: params.yaml loaded successfully]
[2025-01-04 01:05:00,071: INFO: common: yaml file: schema.yaml loaded successfully]
[2025-01-04 01:05:00,073: INFO: common: created directory at: artifacts]
[2025-01-04 01:05:00,074: INFO: common: created directory at: artifacts/data_validation]
[2025-01-04 01:05:11,136: INFO: main: >>>>>>stage Data Validation Stage completed >>>>>>>]
[2025-01-04 01:05:11,136: INFO: main: >>>>>>>Data transformation Stage started>>>>>>>>]
[2025-01-04 01:05:11,146: INFO: common: yaml file: config\config.yaml loaded successfully]
[2025-01-04 01:05:11,149: INFO: common: yaml file: params.yaml loaded successfully]
[2025-01-04 01:05:11,158: INFO: common: yaml file: schema.yaml loaded successfully]
[2025-01-04 01:05:11,159: INFO: common: created directory at: artifacts]
[2025-01-04 01:05:11,160: INFO: common: created directory at: artifacts/data_transformation]
[2025-01-04 01:05:37,045: INFO: data_transformation: Split into training and test sets, with scaling applied.]
[2025-01-04 01:05:37,046: INFO: data_transformation: Train shape: (446568, 20)]
[2025-01-04 01:05:37,046: INFO: data_transformation: Test shape: (240000, 20)]
[2025-01-04 01:05:37,059: INFO: main: >>>>>>stage Data transformation Stage completed >>>>>>>]
[2025-01-04 01:05:37,060: INFO: main: >>>>>>>Model Trainer Stage started>>>>>>>>]
[2025-01-04 01:05:37,066: INFO: common: yaml file: config\config.yaml loaded successfully]
[2025-01-04 01:05:37,067: INFO: common: yaml file: params.yaml loaded successfully]
[2025-01-04 01:05:37,072: INFO: common: yaml file: schema.yaml loaded successfully]
[2025-01-04 01:05:37,074: INFO: common: created directory at: artifacts]
[2025-01-04 01:05:37,078: INFO: common: created directory at: artifacts/model_trainer]
[2025-01-04 01:05:48,359: INFO: main: >>>>>>stage Model Trainer Stage completed >>>>>>>]
[2025-01-04 01:05:48,360: INFO: main: >>>>>>>Model Evaluation Stage started>>>>>>>>]
[2025-01-04 01:05:48,369: INFO: common: yaml file: config\config.yaml loaded successfully]
[2025-01-04 01:05:48,372: INFO: common: yaml file: params.yaml loaded successfully]
[2025-01-04 01:05:48,381: INFO: common: yaml file: schema.yaml loaded successfully]
[2025-01-04 01:05:48,382: INFO: common: created directory at: artifacts]
[2025-01-04 01:05:48,383: INFO: common: created directory at: artifacts/model_evaluation]
[2025-01-04 01:05:57,170: INFO: common: json file saved at: artifacts\model_evaluation\metric.json]
[2025-01-04 01:05:57,192: INFO: main: >>>>>>stage Model Evaluation Stage completed >>>>>>>]
